Using pre-set license
Built from '2022.3/staging' branch; Version is '2022.3.46f1 (8e9b8558c41a) revision 9345925'; Using compiler version '192829333'; Build Type 'Release'
OS: 'Windows 11  (10.0.26100) 64bit CoreSingleLanguage' Language: 'en' Physical Memory: 16163 MB
BatchMode: 1, IsHumanControllingUs: 0, StartBugReporterOnCrash: 0, Is64bit: 1, IsPro: 1

COMMAND LINE ARGUMENTS:
C:\Program Files\Unity\Hub\Editor\2022.3.46f1\Editor\Unity.exe
-adb2
-batchMode
-noUpm
-name
AssetImportWorker0
-projectPath
E:/Project_Game_3D_2D/Dark_2d
-logFile
Logs/AssetImportWorker0.log
-srvPort
51720
Successfully changed project path to: E:/Project_Game_3D_2D/Dark_2d
E:/Project_Game_3D_2D/Dark_2d
[UnityMemory] Configuration Parameters - Can be set up in boot.config
    "memorysetup-bucket-allocator-granularity=16"
    "memorysetup-bucket-allocator-bucket-count=8"
    "memorysetup-bucket-allocator-block-size=33554432"
    "memorysetup-bucket-allocator-block-count=8"
    "memorysetup-main-allocator-block-size=16777216"
    "memorysetup-thread-allocator-block-size=16777216"
    "memorysetup-gfx-main-allocator-block-size=16777216"
    "memorysetup-gfx-thread-allocator-block-size=16777216"
    "memorysetup-cache-allocator-block-size=4194304"
    "memorysetup-typetree-allocator-block-size=2097152"
    "memorysetup-profiler-bucket-allocator-granularity=16"
    "memorysetup-profiler-bucket-allocator-bucket-count=8"
    "memorysetup-profiler-bucket-allocator-block-size=33554432"
    "memorysetup-profiler-bucket-allocator-block-count=8"
    "memorysetup-profiler-allocator-block-size=16777216"
    "memorysetup-profiler-editor-allocator-block-size=1048576"
    "memorysetup-temp-allocator-size-main=16777216"
    "memorysetup-job-temp-allocator-block-size=2097152"
    "memorysetup-job-temp-allocator-block-size-background=1048576"
    "memorysetup-job-temp-allocator-reduction-small-platforms=262144"
    "memorysetup-allocator-temp-initial-block-size-main=262144"
    "memorysetup-allocator-temp-initial-block-size-worker=262144"
    "memorysetup-temp-allocator-size-background-worker=32768"
    "memorysetup-temp-allocator-size-job-worker=262144"
    "memorysetup-temp-allocator-size-preload-manager=33554432"
    "memorysetup-temp-allocator-size-nav-mesh-worker=65536"
    "memorysetup-temp-allocator-size-audio-worker=65536"
    "memorysetup-temp-allocator-size-cloud-worker=32768"
    "memorysetup-temp-allocator-size-gi-baking-worker=262144"
    "memorysetup-temp-allocator-size-gfx=262144"
Player connection [10068]  Target information:

Player connection [10068]  * "[IP] 192.168.205.1 [Port] 0 [Flags] 2 [Guid] 2785966339 [EditorId] 2785966339 [Version] 1048832 [Id] WindowsEditor(7,phandat) [Debug] 1 [PackageName] WindowsEditor [ProjectName] Editor" 

Player connection [10068]  * "[IP] 192.168.8.1 [Port] 0 [Flags] 2 [Guid] 2785966339 [EditorId] 2785966339 [Version] 1048832 [Id] WindowsEditor(7,phandat) [Debug] 1 [PackageName] WindowsEditor [ProjectName] Editor" 

Player connection [10068]  * "[IP] 192.168.60.67 [Port] 0 [Flags] 2 [Guid] 2785966339 [EditorId] 2785966339 [Version] 1048832 [Id] WindowsEditor(7,phandat) [Debug] 1 [PackageName] WindowsEditor [ProjectName] Editor" 

Player connection [10068] Host joined multi-casting on [225.0.0.222:54997]...
Player connection [10068] Host joined alternative multi-casting on [225.0.0.222:34997]...
[PhysX] Initialized MultithreadedTaskDispatcher with 16 workers.
Refreshing native plugins compatible for Editor in 8.55 ms, found 4 plugins.
Preloading 0 native plugins for Editor in 0.00 ms.
Initialize engine version: 2022.3.46f1 (8e9b8558c41a)
[Subsystems] Discovering subsystems at path C:/Program Files/Unity/Hub/Editor/2022.3.46f1/Editor/Data/Resources/UnitySubsystems
[Subsystems] Discovering subsystems at path E:/Project_Game_3D_2D/Dark_2d/Assets
GfxDevice: creating device client; threaded=0; jobified=0
Direct3D:
    Version:  Direct3D 11.0 [level 11.1]
    Renderer: NVIDIA GeForce RTX 3050 Ti Laptop GPU (ID=0x25a0)
    Vendor:   NVIDIA
    VRAM:     3962 MB
    Driver:   32.0.15.6636
Initialize mono
Mono path[0] = 'C:/Program Files/Unity/Hub/Editor/2022.3.46f1/Editor/Data/Managed'
Mono path[1] = 'C:/Program Files/Unity/Hub/Editor/2022.3.46f1/Editor/Data/MonoBleedingEdge/lib/mono/unityjit-win32'
Mono config path = 'C:/Program Files/Unity/Hub/Editor/2022.3.46f1/Editor/Data/MonoBleedingEdge/etc'
Using monoOptions --debugger-agent=transport=dt_socket,embedding=1,server=y,suspend=n,address=127.0.0.1:56436
Begin MonoManager ReloadAssembly
Registering precompiled unity dll's ...
Register platform support module: C:/Program Files/Unity/Hub/Editor/2022.3.46f1/Editor/Data/PlaybackEngines/WebGLSupport/UnityEditor.WebGL.Extensions.dll
Register platform support module: C:/Program Files/Unity/Hub/Editor/2022.3.46f1/Editor/Data/PlaybackEngines/WindowsStandaloneSupport/UnityEditor.WindowsStandalone.Extensions.dll
Registered in 0.009918 seconds.
- Loaded All Assemblies, in  0.335 seconds
Native extension for WindowsStandalone target not found
Native extension for WebGL target not found
Mono: successfully reloaded assembly
- Finished resetting the current domain, in  0.230 seconds
Domain Reload Profiling: 563ms
	BeginReloadAssembly (104ms)
		ExecutionOrderSort (0ms)
		DisableScriptedObjects (0ms)
		BackupInstance (0ms)
		ReleaseScriptingObjects (0ms)
		CreateAndSetChildDomain (1ms)
	RebuildCommonClasses (30ms)
	RebuildNativeTypeToScriptingClass (14ms)
	initialDomainReloadingComplete (54ms)
	LoadAllAssembliesAndSetupDomain (131ms)
		LoadAssemblies (102ms)
		RebuildTransferFunctionScriptingTraits (0ms)
		AnalyzeDomain (128ms)
			TypeCache.Refresh (127ms)
				TypeCache.ScanAssembly (115ms)
			ScanForSourceGeneratedMonoScriptInfo (0ms)
			ResolveRequiredComponents (0ms)
	FinalizeReload (230ms)
		ReleaseScriptCaches (0ms)
		RebuildScriptCaches (0ms)
		SetupLoadedEditorAssemblies (189ms)
			LogAssemblyErrors (0ms)
			InitializePlatformSupportModulesInManaged (10ms)
			SetLoadedEditorAssemblies (5ms)
			RefreshPlugins (0ms)
			BeforeProcessingInitializeOnLoad (2ms)
			ProcessInitializeOnLoadAttributes (131ms)
			ProcessInitializeOnLoadMethodAttributes (41ms)
			AfterProcessingInitializeOnLoad (0ms)
			EditorAssembliesLoaded (0ms)
		ExecutionOrderSort2 (0ms)
		AwakeInstancesAfterBackupRestoration (0ms)
========================================================================
Worker process is ready to serve import requests
Caller must complete domain reload
Begin MonoManager ReloadAssembly
- Loaded All Assemblies, in  0.706 seconds
Native extension for WindowsStandalone target not found
Native extension for WebGL target not found
Mono: successfully reloaded assembly
- Finished resetting the current domain, in  0.647 seconds
Domain Reload Profiling: 1350ms
	BeginReloadAssembly (132ms)
		ExecutionOrderSort (0ms)
		DisableScriptedObjects (5ms)
		BackupInstance (0ms)
		ReleaseScriptingObjects (0ms)
		CreateAndSetChildDomain (22ms)
	RebuildCommonClasses (28ms)
	RebuildNativeTypeToScriptingClass (10ms)
	initialDomainReloadingComplete (67ms)
	LoadAllAssembliesAndSetupDomain (465ms)
		LoadAssemblies (359ms)
		RebuildTransferFunctionScriptingTraits (0ms)
		AnalyzeDomain (182ms)
			TypeCache.Refresh (151ms)
				TypeCache.ScanAssembly (131ms)
			ScanForSourceGeneratedMonoScriptInfo (23ms)
			ResolveRequiredComponents (6ms)
	FinalizeReload (648ms)
		ReleaseScriptCaches (0ms)
		RebuildScriptCaches (0ms)
		SetupLoadedEditorAssemblies (486ms)
			LogAssemblyErrors (0ms)
			InitializePlatformSupportModulesInManaged (10ms)
			SetLoadedEditorAssemblies (5ms)
			RefreshPlugins (0ms)
			BeforeProcessingInitializeOnLoad (69ms)
			ProcessInitializeOnLoadAttributes (354ms)
			ProcessInitializeOnLoadMethodAttributes (38ms)
			AfterProcessingInitializeOnLoad (9ms)
			EditorAssembliesLoaded (0ms)
		ExecutionOrderSort2 (0ms)
		AwakeInstancesAfterBackupRestoration (7ms)
Launched and connected shader compiler UnityShaderCompiler.exe after 0.05 seconds
Refreshing native plugins compatible for Editor in 3.22 ms, found 4 plugins.
Preloading 0 native plugins for Editor in 0.00 ms.
Unloading 4224 Unused Serialized files (Serialized files now loaded: 0)
Unloading 51 unused Assets / (313.1 KB). Loaded Objects now: 4686.
Memory consumption went from 145.0 MB to 144.7 MB.
Total: 3.427600 ms (FindLiveObjects: 0.296600 ms CreateObjectMapping: 0.115100 ms MarkObjects: 2.811000 ms  DeleteObjects: 0.203700 ms)

AssetImportParameters requested are different than current active one (requested -> active):
  custom:container-demuxer-ogg: 62fdf1f143b41e24485cea50d1cbac27 -> 
  custom:video-codec-MediaFoundation-h265: 746d11721c4dcdbdad8f713fa42b33f4 -> 
  custom:video-decoder-ogg-theora: a1e56fd34408186e4bbccfd4996cb3dc -> 
  custom:framework-win-MediaFoundation: 216162199b28c13a410421893ffa2e32 -> 
  custom:CustomObjectIndexerAttribute: 9a22284fe3817be447336de3de66b15e -> 
  custom:container-demuxer-webm: 4f35f7cbe854078d1ac9338744f61a02 -> 
  custom:container-muxer-webm: aa71ff27fc2769a1b78a27578f13a17b -> 
  custom:video-decoder-webm-vp8: 9c59270c3fd7afecdb556c50c9e8de78 -> 
  custom:SearchIndexIgnoredProperties: e643bd26f0fe6173181afceb89e7c659 -> 
  custom:AudioImporter_EditorPlatform: d09bf68614088b80899f8185d706f6e7 -> 
  custom:video-encoder-webm-vp8: eb34c28f22e8b96e1ab97ce403110664 -> 
  custom:audio-decoder-ogg-vorbis: bf7c407c2cedff20999df2af8eb42d56 -> 
  custom:audio-encoder-webm-vorbis: bf7c407c2cedff20999df2af8eb42d56 -> 
========================================================================
Received Import Request.
  Time since last request: 5718.444571 seconds.
  path: Assets/Sprites/platforms.png
  artifactKey: Guid(1a39a44d879966743b91cb4d5728d203) Importer(815301076,1909f56bfc062723c751e8b465ee728b)
Start importing Assets/Sprites/platforms.png using Guid(1a39a44d879966743b91cb4d5728d203) Importer(815301076,1909f56bfc062723c751e8b465ee728b) [PhysX] Initialized MultithreadedTaskDispatcher with 16 workers.
[PhysX] Initialized MultithreadedTaskDispatcher with 16 workers.
 -> (artifact id: 'fcc0689924dcbcfca0247e45bbabd4fa') in 0.077569 seconds
Number of updated asset objects reloaded before import = 0
Number of asset objects unloaded after import = 3
========================================================================
Received Import Request.
  Time since last request: 11.312753 seconds.
  path: Assets/Sprites/platforms.png
  artifactKey: Guid(1a39a44d879966743b91cb4d5728d203) Importer(815301076,1909f56bfc062723c751e8b465ee728b)
Start importing Assets/Sprites/platforms.png using Guid(1a39a44d879966743b91cb4d5728d203) Importer(815301076,1909f56bfc062723c751e8b465ee728b) [PhysX] Initialized MultithreadedTaskDispatcher with 16 workers.
[PhysX] Initialized MultithreadedTaskDispatcher with 16 workers.
 -> (artifact id: 'd0b317eb79cac357efffa29c473b248c') in 0.005097 seconds
Number of updated asset objects reloaded before import = 0
Number of asset objects unloaded after import = 2
========================================================================
Received Import Request.
  Time since last request: 25.749122 seconds.
  path: Assets/Sprites/platforms.png
  artifactKey: Guid(1a39a44d879966743b91cb4d5728d203) Importer(815301076,1909f56bfc062723c751e8b465ee728b)
Start importing Assets/Sprites/platforms.png using Guid(1a39a44d879966743b91cb4d5728d203) Importer(815301076,1909f56bfc062723c751e8b465ee728b) [PhysX] Initialized MultithreadedTaskDispatcher with 16 workers.
[PhysX] Initialized MultithreadedTaskDispatcher with 16 workers.
 -> (artifact id: '62afb410e4aad9feeca78dbd19ca4538') in 0.029065 seconds
Number of updated asset objects reloaded before import = 0
Number of asset objects unloaded after import = 14
========================================================================
Received Import Request.
  Time since last request: 35.668276 seconds.
  path: Assets/Sprites/Enemy.png
  artifactKey: Guid(c16347793a2f1304dafa5538c6a27eab) Importer(815301076,1909f56bfc062723c751e8b465ee728b)
Start importing Assets/Sprites/Enemy.png using Guid(c16347793a2f1304dafa5538c6a27eab) Importer(815301076,1909f56bfc062723c751e8b465ee728b) [PhysX] Initialized MultithreadedTaskDispatcher with 16 workers.
[PhysX] Initialized MultithreadedTaskDispatcher with 16 workers.
 -> (artifact id: '5252c34905060a74f2ce01f5384583f7') in 0.007770 seconds
Number of updated asset objects reloaded before import = 0
Number of asset objects unloaded after import = 3
========================================================================
Received Import Request.
  Time since last request: 12.561609 seconds.
  path: Assets/Sprites/Coin.png
  artifactKey: Guid(b0d5cbeee177e5041b7f440505b9bbd3) Importer(815301076,1909f56bfc062723c751e8b465ee728b)
Start importing Assets/Sprites/Coin.png using Guid(b0d5cbeee177e5041b7f440505b9bbd3) Importer(815301076,1909f56bfc062723c751e8b465ee728b) [PhysX] Initialized MultithreadedTaskDispatcher with 16 workers.
[PhysX] Initialized MultithreadedTaskDispatcher with 16 workers.
 -> (artifact id: '7b19d77a7e31aeb1a6d96fa61198dbc3') in 0.007817 seconds
Number of updated asset objects reloaded before import = 0
Number of asset objects unloaded after import = 3
========================================================================
Received Import Request.
  Time since last request: 24.249872 seconds.
  path: Assets/Sprites/Coin.png
  artifactKey: Guid(b0d5cbeee177e5041b7f440505b9bbd3) Importer(815301076,1909f56bfc062723c751e8b465ee728b)
Start importing Assets/Sprites/Coin.png using Guid(b0d5cbeee177e5041b7f440505b9bbd3) Importer(815301076,1909f56bfc062723c751e8b465ee728b) [PhysX] Initialized MultithreadedTaskDispatcher with 16 workers.
[PhysX] Initialized MultithreadedTaskDispatcher with 16 workers.
 -> (artifact id: '2065cffe46a2f96abb2746cc8f65572c') in 0.004995 seconds
Number of updated asset objects reloaded before import = 0
Number of asset objects unloaded after import = 2
========================================================================
Received Import Request.
  Time since last request: 10.052502 seconds.
  path: Assets/Sprites/Coin.png
  artifactKey: Guid(b0d5cbeee177e5041b7f440505b9bbd3) Importer(815301076,1909f56bfc062723c751e8b465ee728b)
Start importing Assets/Sprites/Coin.png using Guid(b0d5cbeee177e5041b7f440505b9bbd3) Importer(815301076,1909f56bfc062723c751e8b465ee728b) [PhysX] Initialized MultithreadedTaskDispatcher with 16 workers.
[PhysX] Initialized MultithreadedTaskDispatcher with 16 workers.
 -> (artifact id: '43845c31157e7e5faa2a9e9d0693ded8') in 0.016670 seconds
Number of updated asset objects reloaded before import = 0
Number of asset objects unloaded after import = 14
========================================================================
Received Import Request.
  Time since last request: 20.411068 seconds.
  path: Assets/Sprites/Enemy.png
  artifactKey: Guid(c16347793a2f1304dafa5538c6a27eab) Importer(815301076,1909f56bfc062723c751e8b465ee728b)
Start importing Assets/Sprites/Enemy.png using Guid(c16347793a2f1304dafa5538c6a27eab) Importer(815301076,1909f56bfc062723c751e8b465ee728b) [PhysX] Initialized MultithreadedTaskDispatcher with 16 workers.
[PhysX] Initialized MultithreadedTaskDispatcher with 16 workers.
 -> (artifact id: '95d64ecc54d9c4c2bd552daf861214e9') in 0.004873 seconds
Number of updated asset objects reloaded before import = 0
Number of asset objects unloaded after import = 2
========================================================================
Received Import Request.
  Time since last request: 342.060043 seconds.
  path: Assets/Sprites/Enemy.png
  artifactKey: Guid(c16347793a2f1304dafa5538c6a27eab) Importer(815301076,1909f56bfc062723c751e8b465ee728b)
Start importing Assets/Sprites/Enemy.png using Guid(c16347793a2f1304dafa5538c6a27eab) Importer(815301076,1909f56bfc062723c751e8b465ee728b) [PhysX] Initialized MultithreadedTaskDispatcher with 16 workers.
[PhysX] Initialized MultithreadedTaskDispatcher with 16 workers.
 -> (artifact id: 'd49bdd315e433791267e8d5b0cffd37b') in 0.036721 seconds
Number of updated asset objects reloaded before import = 0
Number of asset objects unloaded after import = 14
========================================================================
Received Import Request.
  Time since last request: 27.644845 seconds.
  path: Assets/Sprites/Key.png
  artifactKey: Guid(78ba2735cbd2b9943bebf90fa43f6111) Importer(815301076,1909f56bfc062723c751e8b465ee728b)
Start importing Assets/Sprites/Key.png using Guid(78ba2735cbd2b9943bebf90fa43f6111) Importer(815301076,1909f56bfc062723c751e8b465ee728b) [PhysX] Initialized MultithreadedTaskDispatcher with 16 workers.
[PhysX] Initialized MultithreadedTaskDispatcher with 16 workers.
 -> (artifact id: 'd368f47042bb85d53efcad7056dd5819') in 0.005444 seconds
Number of updated asset objects reloaded before import = 0
Number of asset objects unloaded after import = 2
========================================================================
Received Import Request.
  Time since last request: 44.485177 seconds.
  path: Assets/Sprites/Key.png
  artifactKey: Guid(78ba2735cbd2b9943bebf90fa43f6111) Importer(815301076,1909f56bfc062723c751e8b465ee728b)
Start importing Assets/Sprites/Key.png using Guid(78ba2735cbd2b9943bebf90fa43f6111) Importer(815301076,1909f56bfc062723c751e8b465ee728b) [PhysX] Initialized MultithreadedTaskDispatcher with 16 workers.
[PhysX] Initialized MultithreadedTaskDispatcher with 16 workers.
 -> (artifact id: 'd29e44a8476da17aa6b697edee1f34d6') in 0.007466 seconds
Number of updated asset objects reloaded before import = 0
Number of asset objects unloaded after import = 5
========================================================================
Received Import Request.
  Time since last request: 131.714687 seconds.
  path: Assets/Tile/Map_0.asset
  artifactKey: Guid(4fd94de07bab0634abefef6923f2ba29) Importer(815301076,1909f56bfc062723c751e8b465ee728b)
Start importing Assets/Tile/Map_0.asset using Guid(4fd94de07bab0634abefef6923f2ba29) Importer(815301076,1909f56bfc062723c751e8b465ee728b) [PhysX] Initialized MultithreadedTaskDispatcher with 16 workers.
 -> (artifact id: 'a459af304f82a40f83d9e0890a321733') in 0.013091 seconds
Number of updated asset objects reloaded before import = 0
Number of asset objects unloaded after import = 3
========================================================================
Received Import Request.
  Time since last request: 0.004525 seconds.
  path: Assets/Tile/Map_2.asset
  artifactKey: Guid(d88428558c628e04fad7fc17a351bde1) Importer(815301076,1909f56bfc062723c751e8b465ee728b)
Start importing Assets/Tile/Map_2.asset using Guid(d88428558c628e04fad7fc17a351bde1) Importer(815301076,1909f56bfc062723c751e8b465ee728b) [PhysX] Initialized MultithreadedTaskDispatcher with 16 workers.
 -> (artifact id: '7ea8a034cfd63bb8ffee2de0c2e1a5f8') in 0.005184 seconds
Number of updated asset objects reloaded before import = 0
Number of asset objects unloaded after import = 3
========================================================================
Received Import Request.
  Time since last request: 0.000015 seconds.
  path: Assets/Tile/Map_12.asset
  artifactKey: Guid(bb38fd7fb23c71d4f973dfe9b7f60810) Importer(815301076,1909f56bfc062723c751e8b465ee728b)
Start importing Assets/Tile/Map_12.asset using Guid(bb38fd7fb23c71d4f973dfe9b7f60810) Importer(815301076,1909f56bfc062723c751e8b465ee728b) [PhysX] Initialized MultithreadedTaskDispatcher with 16 workers.
 -> (artifact id: '1d74ff7105dda51ce4fa75ea81ba3191') in 0.004800 seconds
Number of updated asset objects reloaded before import = 0
Number of asset objects unloaded after import = 3
========================================================================
Received Import Request.
  Time since last request: 0.000017 seconds.
  path: Assets/Tile/Map_10.asset
  artifactKey: Guid(b2dd5091e23a27344a31bc7c7eb08a6a) Importer(815301076,1909f56bfc062723c751e8b465ee728b)
Start importing Assets/Tile/Map_10.asset using Guid(b2dd5091e23a27344a31bc7c7eb08a6a) Importer(815301076,1909f56bfc062723c751e8b465ee728b) [PhysX] Initialized MultithreadedTaskDispatcher with 16 workers.
 -> (artifact id: '2e630afcc09ed3d8083251dd6c0b94c0') in 0.004492 seconds
Number of updated asset objects reloaded before import = 0
Number of asset objects unloaded after import = 3
========================================================================
Received Import Request.
  Time since last request: 0.000024 seconds.
  path: Assets/Tile/Map_5.asset
  artifactKey: Guid(b9fc8d1c95fead449b22d4e83ed27ba5) Importer(815301076,1909f56bfc062723c751e8b465ee728b)
Start importing Assets/Tile/Map_5.asset using Guid(b9fc8d1c95fead449b22d4e83ed27ba5) Importer(815301076,1909f56bfc062723c751e8b465ee728b) [PhysX] Initialized MultithreadedTaskDispatcher with 16 workers.
 -> (artifact id: '64b71c6ea7d90c9e1c2dfe234c7d91d2') in 0.004254 seconds
Number of updated asset objects reloaded before import = 0
Number of asset objects unloaded after import = 3
========================================================================
Received Import Request.
  Time since last request: 0.000013 seconds.
  path: Assets/Tile/Map_14.asset
  artifactKey: Guid(e2eeefaffa836b340a1919723c4ccd6c) Importer(815301076,1909f56bfc062723c751e8b465ee728b)
Start importing Assets/Tile/Map_14.asset using Guid(e2eeefaffa836b340a1919723c4ccd6c) Importer(815301076,1909f56bfc062723c751e8b465ee728b) [PhysX] Initialized MultithreadedTaskDispatcher with 16 workers.
 -> (artifact id: 'f830337ee035f3814354fec5f653ad50') in 0.003932 seconds
Number of updated asset objects reloaded before import = 0
Number of asset objects unloaded after import = 3
========================================================================
Received Import Request.
  Time since last request: 0.000066 seconds.
  path: Assets/Tile/Map_11.asset
  artifactKey: Guid(5977795651a64e149a32c845b575d492) Importer(815301076,1909f56bfc062723c751e8b465ee728b)
Start importing Assets/Tile/Map_11.asset using Guid(5977795651a64e149a32c845b575d492) Importer(815301076,1909f56bfc062723c751e8b465ee728b) [PhysX] Initialized MultithreadedTaskDispatcher with 16 workers.
 -> (artifact id: '73f1ff085ca41b9237a359ea8cfbce8c') in 0.005603 seconds
Number of updated asset objects reloaded before import = 0
Number of asset objects unloaded after import = 3
========================================================================
Received Import Request.
  Time since last request: 0.000018 seconds.
  path: Assets/Tile/Map_13.asset
  artifactKey: Guid(9a3ff222104907944b367353abb981c0) Importer(815301076,1909f56bfc062723c751e8b465ee728b)
Start importing Assets/Tile/Map_13.asset using Guid(9a3ff222104907944b367353abb981c0) Importer(815301076,1909f56bfc062723c751e8b465ee728b) [PhysX] Initialized MultithreadedTaskDispatcher with 16 workers.
 -> (artifact id: '5d9462d7af5d9d07462780965016a4a1') in 0.006446 seconds
Number of updated asset objects reloaded before import = 0
Number of asset objects unloaded after import = 3
========================================================================
Received Import Request.
  Time since last request: 0.000015 seconds.
  path: Assets/Tile/Map_3.asset
  artifactKey: Guid(c29bb9a4fa6fbda4ea60b3bbe5d85a26) Importer(815301076,1909f56bfc062723c751e8b465ee728b)
Start importing Assets/Tile/Map_3.asset using Guid(c29bb9a4fa6fbda4ea60b3bbe5d85a26) Importer(815301076,1909f56bfc062723c751e8b465ee728b) [PhysX] Initialized MultithreadedTaskDispatcher with 16 workers.
 -> (artifact id: '5b735110a0097dce16c9dae5e47c9947') in 0.006948 seconds
Number of updated asset objects reloaded before import = 0
Number of asset objects unloaded after import = 3
========================================================================
Received Import Request.
  Time since last request: 2.903671 seconds.
  path: Assets/Tile/Map_16.asset
  artifactKey: Guid(64854e2b000613b4385b5381bacce68c) Importer(815301076,1909f56bfc062723c751e8b465ee728b)
Start importing Assets/Tile/Map_16.asset using Guid(64854e2b000613b4385b5381bacce68c) Importer(815301076,1909f56bfc062723c751e8b465ee728b) [PhysX] Initialized MultithreadedTaskDispatcher with 16 workers.
 -> (artifact id: '238e9a3f386f0ef29117d60dbbbfd6e8') in 0.006100 seconds
Number of updated asset objects reloaded before import = 0
Number of asset objects unloaded after import = 3
========================================================================
Received Import Request.
  Time since last request: 0.000030 seconds.
  path: Assets/Tile/Map_20.asset
  artifactKey: Guid(02836d55a94e2f543b599980da0d19df) Importer(815301076,1909f56bfc062723c751e8b465ee728b)
Start importing Assets/Tile/Map_20.asset using Guid(02836d55a94e2f543b599980da0d19df) Importer(815301076,1909f56bfc062723c751e8b465ee728b) [PhysX] Initialized MultithreadedTaskDispatcher with 16 workers.
 -> (artifact id: 'b0adeebf4b09672b56fe67f7a5ad4bb9') in 0.004971 seconds
Number of updated asset objects reloaded before import = 0
Number of asset objects unloaded after import = 3
========================================================================
Received Import Request.
  Time since last request: 0.000016 seconds.
  path: Assets/Tile/Map_19.asset
  artifactKey: Guid(36c5ea13243669c419ccca1907f9f967) Importer(815301076,1909f56bfc062723c751e8b465ee728b)
Start importing Assets/Tile/Map_19.asset using Guid(36c5ea13243669c419ccca1907f9f967) Importer(815301076,1909f56bfc062723c751e8b465ee728b) [PhysX] Initialized MultithreadedTaskDispatcher with 16 workers.
 -> (artifact id: '82edba105be02b96df45252f323001af') in 0.004945 seconds
Number of updated asset objects reloaded before import = 0
Number of asset objects unloaded after import = 3
========================================================================
Received Import Request.
  Time since last request: 0.040374 seconds.
  path: Assets/Tile/Map_21.asset
  artifactKey: Guid(9a0665dc7e9f8f74992c42247c6f3606) Importer(815301076,1909f56bfc062723c751e8b465ee728b)
Start importing Assets/Tile/Map_21.asset using Guid(9a0665dc7e9f8f74992c42247c6f3606) Importer(815301076,1909f56bfc062723c751e8b465ee728b) [PhysX] Initialized MultithreadedTaskDispatcher with 16 workers.
 -> (artifact id: '65d8ea15b692b6daf1a33485a7123004') in 0.006263 seconds
Number of updated asset objects reloaded before import = 0
Number of asset objects unloaded after import = 3
========================================================================
Received Import Request.
  Time since last request: 0.000018 seconds.
  path: Assets/Tile/Map_24.asset
  artifactKey: Guid(7bb750775a9c6d6449cf94727ee99888) Importer(815301076,1909f56bfc062723c751e8b465ee728b)
Start importing Assets/Tile/Map_24.asset using Guid(7bb750775a9c6d6449cf94727ee99888) Importer(815301076,1909f56bfc062723c751e8b465ee728b) [PhysX] Initialized MultithreadedTaskDispatcher with 16 workers.
 -> (artifact id: 'b8779b9d71b419888fd6c805de8094c5') in 0.005394 seconds
Number of updated asset objects reloaded before import = 0
Number of asset objects unloaded after import = 3
========================================================================
Received Import Request.
  Time since last request: 0.000039 seconds.
  path: Assets/Tile/Map_25.asset
  artifactKey: Guid(570cfec4790c0da4e8e8a9cd466b86d5) Importer(815301076,1909f56bfc062723c751e8b465ee728b)
Start importing Assets/Tile/Map_25.asset using Guid(570cfec4790c0da4e8e8a9cd466b86d5) Importer(815301076,1909f56bfc062723c751e8b465ee728b) [PhysX] Initialized MultithreadedTaskDispatcher with 16 workers.
 -> (artifact id: '73e6522019ac64f7653a3c06c441c4b2') in 0.004768 seconds
Number of updated asset objects reloaded before import = 0
Number of asset objects unloaded after import = 3
========================================================================
Received Import Request.
  Time since last request: 0.039151 seconds.
  path: Assets/Tile/Map_26.asset
  artifactKey: Guid(73a6ceee05a3fdb48b6f08d5a8e024df) Importer(815301076,1909f56bfc062723c751e8b465ee728b)
Start importing Assets/Tile/Map_26.asset using Guid(73a6ceee05a3fdb48b6f08d5a8e024df) Importer(815301076,1909f56bfc062723c751e8b465ee728b) [PhysX] Initialized MultithreadedTaskDispatcher with 16 workers.
 -> (artifact id: '436e5f34d0bb25befbada6c6d66f5430') in 0.005724 seconds
Number of updated asset objects reloaded before import = 0
Number of asset objects unloaded after import = 3
========================================================================
Received Import Request.
  Time since last request: 0.000034 seconds.
  path: Assets/Tile/Map_30.asset
  artifactKey: Guid(6d059a299d6433d4abde2d26a92222cc) Importer(815301076,1909f56bfc062723c751e8b465ee728b)
Start importing Assets/Tile/Map_30.asset using Guid(6d059a299d6433d4abde2d26a92222cc) Importer(815301076,1909f56bfc062723c751e8b465ee728b) [PhysX] Initialized MultithreadedTaskDispatcher with 16 workers.
 -> (artifact id: 'f04cd0f0e9648a3c591cf84967182967') in 0.006288 seconds
Number of updated asset objects reloaded before import = 0
Number of asset objects unloaded after import = 3
========================================================================
Received Import Request.
  Time since last request: 0.282969 seconds.
  path: Assets/Tile/Map_32.asset
  artifactKey: Guid(f5d352ad2931dc8419b9e9d1253f9dd3) Importer(815301076,1909f56bfc062723c751e8b465ee728b)
Start importing Assets/Tile/Map_32.asset using Guid(f5d352ad2931dc8419b9e9d1253f9dd3) Importer(815301076,1909f56bfc062723c751e8b465ee728b) [PhysX] Initialized MultithreadedTaskDispatcher with 16 workers.
 -> (artifact id: '1872bacb588177c031a72849bf73ac0e') in 0.016010 seconds
Number of updated asset objects reloaded before import = 0
Number of asset objects unloaded after import = 3
========================================================================
Received Import Request.
  Time since last request: 0.035153 seconds.
  path: Assets/Tile/Map_36.asset
  artifactKey: Guid(3469b8c6a405f2442b842a87b20025df) Importer(815301076,1909f56bfc062723c751e8b465ee728b)
Start importing Assets/Tile/Map_36.asset using Guid(3469b8c6a405f2442b842a87b20025df) Importer(815301076,1909f56bfc062723c751e8b465ee728b) [PhysX] Initialized MultithreadedTaskDispatcher with 16 workers.
 -> (artifact id: '7bbd97cee7f7f8f58ef944a146054dd2') in 0.005125 seconds
Number of updated asset objects reloaded before import = 0
Number of asset objects unloaded after import = 3
========================================================================
Received Import Request.
  Time since last request: 0.000017 seconds.
  path: Assets/Tile/Map_39.asset
  artifactKey: Guid(8d84d3a5e30dc06419a3fa9ba3c12eda) Importer(815301076,1909f56bfc062723c751e8b465ee728b)
Start importing Assets/Tile/Map_39.asset using Guid(8d84d3a5e30dc06419a3fa9ba3c12eda) Importer(815301076,1909f56bfc062723c751e8b465ee728b) [PhysX] Initialized MultithreadedTaskDispatcher with 16 workers.
 -> (artifact id: '15072c182c57691f74f3118686713e7d') in 0.005238 seconds
Number of updated asset objects reloaded before import = 0
Number of asset objects unloaded after import = 3
========================================================================
Received Import Request.
  Time since last request: 0.040828 seconds.
  path: Assets/Tile/Map_42.asset
  artifactKey: Guid(5eb3d9ef3539597478075b4794c47f92) Importer(815301076,1909f56bfc062723c751e8b465ee728b)
Start importing Assets/Tile/Map_42.asset using Guid(5eb3d9ef3539597478075b4794c47f92) Importer(815301076,1909f56bfc062723c751e8b465ee728b) [PhysX] Initialized MultithreadedTaskDispatcher with 16 workers.
 -> (artifact id: '6e0e2a8eee1bc04c70999ed3ba74d369') in 0.004505 seconds
Number of updated asset objects reloaded before import = 0
Number of asset objects unloaded after import = 3
========================================================================
Received Import Request.
  Time since last request: 0.000016 seconds.
  path: Assets/Tile/Map_45.asset
  artifactKey: Guid(10bbe5e156360f44590bf5f702ed205b) Importer(815301076,1909f56bfc062723c751e8b465ee728b)
Start importing Assets/Tile/Map_45.asset using Guid(10bbe5e156360f44590bf5f702ed205b) Importer(815301076,1909f56bfc062723c751e8b465ee728b) [PhysX] Initialized MultithreadedTaskDispatcher with 16 workers.
 -> (artifact id: '4f29d7e248481b396912a21a4af07435') in 0.005703 seconds
Number of updated asset objects reloaded before import = 0
Number of asset objects unloaded after import = 3
========================================================================
Received Import Request.
  Time since last request: 0.324539 seconds.
  path: Assets/Tile/Map_47.asset
  artifactKey: Guid(35711d116072dd647ada969891f5e9d1) Importer(815301076,1909f56bfc062723c751e8b465ee728b)
Start importing Assets/Tile/Map_47.asset using Guid(35711d116072dd647ada969891f5e9d1) Importer(815301076,1909f56bfc062723c751e8b465ee728b) [PhysX] Initialized MultithreadedTaskDispatcher with 16 workers.
 -> (artifact id: '949c22a1077e5d8ad7fcc1a2f85e2f79') in 0.006588 seconds
Number of updated asset objects reloaded before import = 0
Number of asset objects unloaded after import = 3
========================================================================
Received Import Request.
  Time since last request: 0.029268 seconds.
  path: Assets/Tile/Map_52.asset
  artifactKey: Guid(333bfc099438e7b478fe3727e9817358) Importer(815301076,1909f56bfc062723c751e8b465ee728b)
Start importing Assets/Tile/Map_52.asset using Guid(333bfc099438e7b478fe3727e9817358) Importer(815301076,1909f56bfc062723c751e8b465ee728b) [PhysX] Initialized MultithreadedTaskDispatcher with 16 workers.
 -> (artifact id: '4b613fc0e21b0b6033f89b2d7061e142') in 0.007934 seconds
Number of updated asset objects reloaded before import = 0
Number of asset objects unloaded after import = 3
========================================================================
Received Import Request.
  Time since last request: 0.022238 seconds.
  path: Assets/Tile/Map_57.asset
  artifactKey: Guid(a94764879f7911a439dbfc5eedb9545a) Importer(815301076,1909f56bfc062723c751e8b465ee728b)
Start importing Assets/Tile/Map_57.asset using Guid(a94764879f7911a439dbfc5eedb9545a) Importer(815301076,1909f56bfc062723c751e8b465ee728b) [PhysX] Initialized MultithreadedTaskDispatcher with 16 workers.
 -> (artifact id: '8a77127b0577d7005801699340a7110a') in 0.005743 seconds
Number of updated asset objects reloaded before import = 0
Number of asset objects unloaded after import = 3
========================================================================
Received Import Request.
  Time since last request: 0.306187 seconds.
  path: Assets/Tile/Map_62.asset
  artifactKey: Guid(8232e84215671d845a9c75f9e22c7b1f) Importer(815301076,1909f56bfc062723c751e8b465ee728b)
Start importing Assets/Tile/Map_62.asset using Guid(8232e84215671d845a9c75f9e22c7b1f) Importer(815301076,1909f56bfc062723c751e8b465ee728b) [PhysX] Initialized MultithreadedTaskDispatcher with 16 workers.
 -> (artifact id: 'a1d6f677ac3c54a37358068db6ef356e') in 0.014951 seconds
Number of updated asset objects reloaded before import = 0
Number of asset objects unloaded after import = 3
========================================================================
Received Import Request.
  Time since last request: 0.020113 seconds.
  path: Assets/Tile/Map_67.asset
  artifactKey: Guid(33174c0294ae26d41858040036f20aeb) Importer(815301076,1909f56bfc062723c751e8b465ee728b)
Start importing Assets/Tile/Map_67.asset using Guid(33174c0294ae26d41858040036f20aeb) Importer(815301076,1909f56bfc062723c751e8b465ee728b) [PhysX] Initialized MultithreadedTaskDispatcher with 16 workers.
 -> (artifact id: '0e1129162b476c63c818fe6a064ed778') in 0.005210 seconds
Number of updated asset objects reloaded before import = 0
Number of asset objects unloaded after import = 3
========================================================================
Received Import Request.
  Time since last request: 0.034167 seconds.
  path: Assets/Tile/Map_72.asset
  artifactKey: Guid(440e7c52a02ae634baf25d9e42cd74ad) Importer(815301076,1909f56bfc062723c751e8b465ee728b)
Start importing Assets/Tile/Map_72.asset using Guid(440e7c52a02ae634baf25d9e42cd74ad) Importer(815301076,1909f56bfc062723c751e8b465ee728b) [PhysX] Initialized MultithreadedTaskDispatcher with 16 workers.
 -> (artifact id: '72b845f996de3ae5590098a8be28afe2') in 0.005300 seconds
Number of updated asset objects reloaded before import = 0
Number of asset objects unloaded after import = 3
Editor requested this worker to shutdown with reason: Scaling down because of idle timeout
TcpMessagingSession - receive error: operation aborted. errorcode: 995, details: The I/O operation has been aborted because of either a thread exit or an application request.
AssetImportWorker is now disconnected from the server
Process exiting
Exiting without the bug reporter. Application will terminate with return code 0