Using pre-set license
Built from '2022.3/staging' branch; Version is '2022.3.46f1 (8e9b8558c41a) revision 9345925'; Using compiler version '192829333'; Build Type 'Release'
OS: 'Windows 11  (10.0.26100) 64bit CoreSingleLanguage' Language: 'en' Physical Memory: 16163 MB
BatchMode: 1, IsHumanControllingUs: 0, StartBugReporterOnCrash: 0, Is64bit: 1, IsPro: 1

COMMAND LINE ARGUMENTS:
C:\Program Files\Unity\Hub\Editor\2022.3.46f1\Editor\Unity.exe
-adb2
-batchMode
-noUpm
-name
AssetImportWorker1
-projectPath
E:/Project_Game_3D_2D/Dark_2d
-logFile
Logs/AssetImportWorker1.log
-srvPort
51720
Successfully changed project path to: E:/Project_Game_3D_2D/Dark_2d
E:/Project_Game_3D_2D/Dark_2d
[UnityMemory] Configuration Parameters - Can be set up in boot.config
    "memorysetup-bucket-allocator-granularity=16"
    "memorysetup-bucket-allocator-bucket-count=8"
    "memorysetup-bucket-allocator-block-size=33554432"
    "memorysetup-bucket-allocator-block-count=8"
    "memorysetup-main-allocator-block-size=16777216"
    "memorysetup-thread-allocator-block-size=16777216"
    "memorysetup-gfx-main-allocator-block-size=16777216"
    "memorysetup-gfx-thread-allocator-block-size=16777216"
    "memorysetup-cache-allocator-block-size=4194304"
    "memorysetup-typetree-allocator-block-size=2097152"
    "memorysetup-profiler-bucket-allocator-granularity=16"
    "memorysetup-profiler-bucket-allocator-bucket-count=8"
    "memorysetup-profiler-bucket-allocator-block-size=33554432"
    "memorysetup-profiler-bucket-allocator-block-count=8"
    "memorysetup-profiler-allocator-block-size=16777216"
    "memorysetup-profiler-editor-allocator-block-size=1048576"
    "memorysetup-temp-allocator-size-main=16777216"
    "memorysetup-job-temp-allocator-block-size=2097152"
    "memorysetup-job-temp-allocator-block-size-background=1048576"
    "memorysetup-job-temp-allocator-reduction-small-platforms=262144"
    "memorysetup-allocator-temp-initial-block-size-main=262144"
    "memorysetup-allocator-temp-initial-block-size-worker=262144"
    "memorysetup-temp-allocator-size-background-worker=32768"
    "memorysetup-temp-allocator-size-job-worker=262144"
    "memorysetup-temp-allocator-size-preload-manager=33554432"
    "memorysetup-temp-allocator-size-nav-mesh-worker=65536"
    "memorysetup-temp-allocator-size-audio-worker=65536"
    "memorysetup-temp-allocator-size-cloud-worker=32768"
    "memorysetup-temp-allocator-size-gi-baking-worker=262144"
    "memorysetup-temp-allocator-size-gfx=262144"
Player connection [11924]  Target information:

Player connection [11924]  * "[IP] 192.168.205.1 [Port] 0 [Flags] 2 [Guid] 2322129375 [EditorId] 2322129375 [Version] 1048832 [Id] WindowsEditor(7,phandat) [Debug] 1 [PackageName] WindowsEditor [ProjectName] Editor" 

Player connection [11924]  * "[IP] 192.168.8.1 [Port] 0 [Flags] 2 [Guid] 2322129375 [EditorId] 2322129375 [Version] 1048832 [Id] WindowsEditor(7,phandat) [Debug] 1 [PackageName] WindowsEditor [ProjectName] Editor" 

Player connection [11924]  * "[IP] 192.168.60.67 [Port] 0 [Flags] 2 [Guid] 2322129375 [EditorId] 2322129375 [Version] 1048832 [Id] WindowsEditor(7,phandat) [Debug] 1 [PackageName] WindowsEditor [ProjectName] Editor" 

Player connection [11924] Host joined multi-casting on [225.0.0.222:54997]...
Player connection [11924] Host joined alternative multi-casting on [225.0.0.222:34997]...
[PhysX] Initialized MultithreadedTaskDispatcher with 16 workers.
Refreshing native plugins compatible for Editor in 9.09 ms, found 4 plugins.
Preloading 0 native plugins for Editor in 0.00 ms.
Initialize engine version: 2022.3.46f1 (8e9b8558c41a)
[Subsystems] Discovering subsystems at path C:/Program Files/Unity/Hub/Editor/2022.3.46f1/Editor/Data/Resources/UnitySubsystems
[Subsystems] Discovering subsystems at path E:/Project_Game_3D_2D/Dark_2d/Assets
GfxDevice: creating device client; threaded=0; jobified=0
Direct3D:
    Version:  Direct3D 11.0 [level 11.1]
    Renderer: NVIDIA GeForce RTX 3050 Ti Laptop GPU (ID=0x25a0)
    Vendor:   NVIDIA
    VRAM:     3962 MB
    Driver:   32.0.15.6636
Initialize mono
Mono path[0] = 'C:/Program Files/Unity/Hub/Editor/2022.3.46f1/Editor/Data/Managed'
Mono path[1] = 'C:/Program Files/Unity/Hub/Editor/2022.3.46f1/Editor/Data/MonoBleedingEdge/lib/mono/unityjit-win32'
Mono config path = 'C:/Program Files/Unity/Hub/Editor/2022.3.46f1/Editor/Data/MonoBleedingEdge/etc'
Using monoOptions --debugger-agent=transport=dt_socket,embedding=1,server=y,suspend=n,address=127.0.0.1:56816
Begin MonoManager ReloadAssembly
Registering precompiled unity dll's ...
Register platform support module: C:/Program Files/Unity/Hub/Editor/2022.3.46f1/Editor/Data/PlaybackEngines/WebGLSupport/UnityEditor.WebGL.Extensions.dll
Register platform support module: C:/Program Files/Unity/Hub/Editor/2022.3.46f1/Editor/Data/PlaybackEngines/WindowsStandaloneSupport/UnityEditor.WindowsStandalone.Extensions.dll
Registered in 0.008508 seconds.
- Loaded All Assemblies, in  0.328 seconds
Native extension for WindowsStandalone target not found
Native extension for WebGL target not found
Mono: successfully reloaded assembly
- Finished resetting the current domain, in  0.228 seconds
Domain Reload Profiling: 554ms
	BeginReloadAssembly (100ms)
		ExecutionOrderSort (0ms)
		DisableScriptedObjects (0ms)
		BackupInstance (0ms)
		ReleaseScriptingObjects (0ms)
		CreateAndSetChildDomain (1ms)
	RebuildCommonClasses (34ms)
	RebuildNativeTypeToScriptingClass (8ms)
	initialDomainReloadingComplete (53ms)
	LoadAllAssembliesAndSetupDomain (129ms)
		LoadAssemblies (98ms)
		RebuildTransferFunctionScriptingTraits (0ms)
		AnalyzeDomain (127ms)
			TypeCache.Refresh (126ms)
				TypeCache.ScanAssembly (114ms)
			ScanForSourceGeneratedMonoScriptInfo (0ms)
			ResolveRequiredComponents (0ms)
	FinalizeReload (229ms)
		ReleaseScriptCaches (0ms)
		RebuildScriptCaches (0ms)
		SetupLoadedEditorAssemblies (188ms)
			LogAssemblyErrors (0ms)
			InitializePlatformSupportModulesInManaged (10ms)
			SetLoadedEditorAssemblies (5ms)
			RefreshPlugins (0ms)
			BeforeProcessingInitializeOnLoad (2ms)
			ProcessInitializeOnLoadAttributes (132ms)
			ProcessInitializeOnLoadMethodAttributes (40ms)
			AfterProcessingInitializeOnLoad (0ms)
			EditorAssembliesLoaded (0ms)
		ExecutionOrderSort2 (0ms)
		AwakeInstancesAfterBackupRestoration (0ms)
========================================================================
Worker process is ready to serve import requests
Caller must complete domain reload
Begin MonoManager ReloadAssembly
- Loaded All Assemblies, in  0.699 seconds
Native extension for WindowsStandalone target not found
Native extension for WebGL target not found
Mono: successfully reloaded assembly
- Finished resetting the current domain, in  0.645 seconds
Domain Reload Profiling: 1340ms
	BeginReloadAssembly (135ms)
		ExecutionOrderSort (0ms)
		DisableScriptedObjects (4ms)
		BackupInstance (0ms)
		ReleaseScriptingObjects (0ms)
		CreateAndSetChildDomain (22ms)
	RebuildCommonClasses (29ms)
	RebuildNativeTypeToScriptingClass (13ms)
	initialDomainReloadingComplete (70ms)
	LoadAllAssembliesAndSetupDomain (448ms)
		LoadAssemblies (348ms)
		RebuildTransferFunctionScriptingTraits (0ms)
		AnalyzeDomain (177ms)
			TypeCache.Refresh (144ms)
				TypeCache.ScanAssembly (126ms)
			ScanForSourceGeneratedMonoScriptInfo (26ms)
			ResolveRequiredComponents (6ms)
	FinalizeReload (645ms)
		ReleaseScriptCaches (0ms)
		RebuildScriptCaches (0ms)
		SetupLoadedEditorAssemblies (480ms)
			LogAssemblyErrors (0ms)
			InitializePlatformSupportModulesInManaged (9ms)
			SetLoadedEditorAssemblies (5ms)
			RefreshPlugins (0ms)
			BeforeProcessingInitializeOnLoad (71ms)
			ProcessInitializeOnLoadAttributes (350ms)
			ProcessInitializeOnLoadMethodAttributes (36ms)
			AfterProcessingInitializeOnLoad (8ms)
			EditorAssembliesLoaded (0ms)
		ExecutionOrderSort2 (0ms)
		AwakeInstancesAfterBackupRestoration (7ms)
Launched and connected shader compiler UnityShaderCompiler.exe after 0.06 seconds
Refreshing native plugins compatible for Editor in 3.08 ms, found 4 plugins.
Preloading 0 native plugins for Editor in 0.00 ms.
Unloading 4224 Unused Serialized files (Serialized files now loaded: 0)
Unloading 51 unused Assets / (312.5 KB). Loaded Objects now: 4686.
Memory consumption went from 145.0 MB to 144.7 MB.
Total: 3.350600 ms (FindLiveObjects: 0.396000 ms CreateObjectMapping: 0.123500 ms MarkObjects: 2.609100 ms  DeleteObjects: 0.221200 ms)

AssetImportParameters requested are different than current active one (requested -> active):
  custom:container-demuxer-ogg: 62fdf1f143b41e24485cea50d1cbac27 -> 
  custom:video-codec-MediaFoundation-h265: 746d11721c4dcdbdad8f713fa42b33f4 -> 
  custom:video-decoder-ogg-theora: a1e56fd34408186e4bbccfd4996cb3dc -> 
  custom:framework-win-MediaFoundation: 216162199b28c13a410421893ffa2e32 -> 
  custom:CustomObjectIndexerAttribute: 9a22284fe3817be447336de3de66b15e -> 
  custom:container-demuxer-webm: 4f35f7cbe854078d1ac9338744f61a02 -> 
  custom:container-muxer-webm: aa71ff27fc2769a1b78a27578f13a17b -> 
  custom:video-decoder-webm-vp8: 9c59270c3fd7afecdb556c50c9e8de78 -> 
  custom:SearchIndexIgnoredProperties: e643bd26f0fe6173181afceb89e7c659 -> 
  custom:AudioImporter_EditorPlatform: d09bf68614088b80899f8185d706f6e7 -> 
  custom:video-encoder-webm-vp8: eb34c28f22e8b96e1ab97ce403110664 -> 
  custom:audio-decoder-ogg-vorbis: bf7c407c2cedff20999df2af8eb42d56 -> 
  custom:audio-encoder-webm-vorbis: bf7c407c2cedff20999df2af8eb42d56 -> 
========================================================================
Received Import Request.
  Time since last request: 5803.860752 seconds.
  path: Assets/Sprites/Key.png
  artifactKey: Guid(78ba2735cbd2b9943bebf90fa43f6111) Importer(815301076,1909f56bfc062723c751e8b465ee728b)
Start importing Assets/Sprites/Key.png using Guid(78ba2735cbd2b9943bebf90fa43f6111) Importer(815301076,1909f56bfc062723c751e8b465ee728b) [PhysX] Initialized MultithreadedTaskDispatcher with 16 workers.
[PhysX] Initialized MultithreadedTaskDispatcher with 16 workers.
 -> (artifact id: '9c47a32f97ab0b23ec503f749201a15f') in 0.089330 seconds
Number of updated asset objects reloaded before import = 0
Number of asset objects unloaded after import = 3
========================================================================
Received Import Request.
  Time since last request: 600.617365 seconds.
  path: Assets/Tile/Map_1.asset
  artifactKey: Guid(0cbb93f95c8cff34880ccb9f9fca79e0) Importer(815301076,1909f56bfc062723c751e8b465ee728b)
Start importing Assets/Tile/Map_1.asset using Guid(0cbb93f95c8cff34880ccb9f9fca79e0) Importer(815301076,1909f56bfc062723c751e8b465ee728b) [PhysX] Initialized MultithreadedTaskDispatcher with 16 workers.
 -> (artifact id: '8f1617ce14b07c8fb7f63d715455e52e') in 0.016559 seconds
Number of updated asset objects reloaded before import = 0
Number of asset objects unloaded after import = 3
========================================================================
Received Import Request.
  Time since last request: 0.000024 seconds.
  path: Assets/Tile/Map_7.asset
  artifactKey: Guid(4613d8955085df842b1bd59efbecb2dc) Importer(815301076,1909f56bfc062723c751e8b465ee728b)
Start importing Assets/Tile/Map_7.asset using Guid(4613d8955085df842b1bd59efbecb2dc) Importer(815301076,1909f56bfc062723c751e8b465ee728b) [PhysX] Initialized MultithreadedTaskDispatcher with 16 workers.
 -> (artifact id: 'a06a4d61a56b1ecf8dc3f0ab920f7bc4') in 0.006766 seconds
Number of updated asset objects reloaded before import = 0
Number of asset objects unloaded after import = 3
========================================================================
Received Import Request.
  Time since last request: 0.000041 seconds.
  path: Assets/Tile/Map_8.asset
  artifactKey: Guid(b732beed67224a149b29a53738f268d9) Importer(815301076,1909f56bfc062723c751e8b465ee728b)
Start importing Assets/Tile/Map_8.asset using Guid(b732beed67224a149b29a53738f268d9) Importer(815301076,1909f56bfc062723c751e8b465ee728b) [PhysX] Initialized MultithreadedTaskDispatcher with 16 workers.
 -> (artifact id: '9d0723ff6a95429eb60fe1e962b65f9f') in 0.008202 seconds
Number of updated asset objects reloaded before import = 0
Number of asset objects unloaded after import = 3
========================================================================
Received Import Request.
  Time since last request: 0.000018 seconds.
  path: Assets/Tile/Map_6.asset
  artifactKey: Guid(1d753d33980968b459ceaf0e5bde00e6) Importer(815301076,1909f56bfc062723c751e8b465ee728b)
Start importing Assets/Tile/Map_6.asset using Guid(1d753d33980968b459ceaf0e5bde00e6) Importer(815301076,1909f56bfc062723c751e8b465ee728b) [PhysX] Initialized MultithreadedTaskDispatcher with 16 workers.
 -> (artifact id: 'b1916dbc0674aa457c8875d9491e5280') in 0.003938 seconds
Number of updated asset objects reloaded before import = 0
Number of asset objects unloaded after import = 3
========================================================================
Received Import Request.
  Time since last request: 0.000023 seconds.
  path: Assets/Tile/Map_4.asset
  artifactKey: Guid(0176463bee8ee244fa69eb08aed4be4f) Importer(815301076,1909f56bfc062723c751e8b465ee728b)
Start importing Assets/Tile/Map_4.asset using Guid(0176463bee8ee244fa69eb08aed4be4f) Importer(815301076,1909f56bfc062723c751e8b465ee728b) [PhysX] Initialized MultithreadedTaskDispatcher with 16 workers.
 -> (artifact id: '593c8e6732b287804c4f6fa9909ffcde') in 0.005138 seconds
Number of updated asset objects reloaded before import = 0
Number of asset objects unloaded after import = 3
========================================================================
Received Import Request.
  Time since last request: 0.000020 seconds.
  path: Assets/Tile/Map_9.asset
  artifactKey: Guid(2bb09651d2d397544b0fc2556bdbcdd7) Importer(815301076,1909f56bfc062723c751e8b465ee728b)
Start importing Assets/Tile/Map_9.asset using Guid(2bb09651d2d397544b0fc2556bdbcdd7) Importer(815301076,1909f56bfc062723c751e8b465ee728b) [PhysX] Initialized MultithreadedTaskDispatcher with 16 workers.
 -> (artifact id: '8b136243f638fe10b740dbd0938b392d') in 0.005657 seconds
Number of updated asset objects reloaded before import = 0
Number of asset objects unloaded after import = 3
========================================================================
Received Import Request.
  Time since last request: 0.000024 seconds.
  path: Assets/Tile/Map_15.asset
  artifactKey: Guid(bb3489c95fd40994983d630c10d61732) Importer(815301076,1909f56bfc062723c751e8b465ee728b)
Start importing Assets/Tile/Map_15.asset using Guid(bb3489c95fd40994983d630c10d61732) Importer(815301076,1909f56bfc062723c751e8b465ee728b) [PhysX] Initialized MultithreadedTaskDispatcher with 16 workers.
 -> (artifact id: '76e411321a16b1edd222a2d57b4f2112') in 0.006951 seconds
Number of updated asset objects reloaded before import = 0
Number of asset objects unloaded after import = 3
========================================================================
Received Import Request.
  Time since last request: 2.906701 seconds.
  path: Assets/Tile/Map_17.asset
  artifactKey: Guid(0031f785f6a5a10458f976684c1c99c8) Importer(815301076,1909f56bfc062723c751e8b465ee728b)
Start importing Assets/Tile/Map_17.asset using Guid(0031f785f6a5a10458f976684c1c99c8) Importer(815301076,1909f56bfc062723c751e8b465ee728b) [PhysX] Initialized MultithreadedTaskDispatcher with 16 workers.
 -> (artifact id: '8b2441b4576d3abe1e3e83eda2326ea7') in 0.004977 seconds
Number of updated asset objects reloaded before import = 0
Number of asset objects unloaded after import = 3
========================================================================
Received Import Request.
  Time since last request: 0.000016 seconds.
  path: Assets/Tile/Map_18.asset
  artifactKey: Guid(9a4946486af0a024c8b472a17b6053af) Importer(815301076,1909f56bfc062723c751e8b465ee728b)
Start importing Assets/Tile/Map_18.asset using Guid(9a4946486af0a024c8b472a17b6053af) Importer(815301076,1909f56bfc062723c751e8b465ee728b) [PhysX] Initialized MultithreadedTaskDispatcher with 16 workers.
 -> (artifact id: 'e4099ab5607affd13e4d0b2699121e5a') in 0.006418 seconds
Number of updated asset objects reloaded before import = 0
Number of asset objects unloaded after import = 3
========================================================================
Received Import Request.
  Time since last request: 0.045645 seconds.
  path: Assets/Tile/Map_22.asset
  artifactKey: Guid(e7c1ff821d3b4c6448a534a795d65457) Importer(815301076,1909f56bfc062723c751e8b465ee728b)
Start importing Assets/Tile/Map_22.asset using Guid(e7c1ff821d3b4c6448a534a795d65457) Importer(815301076,1909f56bfc062723c751e8b465ee728b) [PhysX] Initialized MultithreadedTaskDispatcher with 16 workers.
 -> (artifact id: '32e58bceb05d2198b3723e833cf41063') in 0.006120 seconds
Number of updated asset objects reloaded before import = 0
Number of asset objects unloaded after import = 3
========================================================================
Received Import Request.
  Time since last request: 0.000018 seconds.
  path: Assets/Tile/Map_23.asset
  artifactKey: Guid(64631ed6e7fa17b4f8061b4af2dd8788) Importer(815301076,1909f56bfc062723c751e8b465ee728b)
Start importing Assets/Tile/Map_23.asset using Guid(64631ed6e7fa17b4f8061b4af2dd8788) Importer(815301076,1909f56bfc062723c751e8b465ee728b) [PhysX] Initialized MultithreadedTaskDispatcher with 16 workers.
 -> (artifact id: '7d07a5610e3f7537157bcfb1c3776a0b') in 0.005152 seconds
Number of updated asset objects reloaded before import = 0
Number of asset objects unloaded after import = 3
========================================================================
Received Import Request.
  Time since last request: 0.043976 seconds.
  path: Assets/Tile/Map_27.asset
  artifactKey: Guid(92cb5050bf19ca44bb8f934b6fbd08a3) Importer(815301076,1909f56bfc062723c751e8b465ee728b)
Start importing Assets/Tile/Map_27.asset using Guid(92cb5050bf19ca44bb8f934b6fbd08a3) Importer(815301076,1909f56bfc062723c751e8b465ee728b) [PhysX] Initialized MultithreadedTaskDispatcher with 16 workers.
 -> (artifact id: '0f68c3387741d368ae898a2678c01459') in 0.005101 seconds
Number of updated asset objects reloaded before import = 0
Number of asset objects unloaded after import = 3
========================================================================
Received Import Request.
  Time since last request: 0.000021 seconds.
  path: Assets/Tile/Map_29.asset
  artifactKey: Guid(bfc74e9e97077ac4a84a78abc13b1766) Importer(815301076,1909f56bfc062723c751e8b465ee728b)
Start importing Assets/Tile/Map_29.asset using Guid(bfc74e9e97077ac4a84a78abc13b1766) Importer(815301076,1909f56bfc062723c751e8b465ee728b) [PhysX] Initialized MultithreadedTaskDispatcher with 16 workers.
 -> (artifact id: 'bbc724c0bff286823025d23d71c78a59') in 0.005462 seconds
Number of updated asset objects reloaded before import = 0
Number of asset objects unloaded after import = 3
========================================================================
Received Import Request.
  Time since last request: 0.000016 seconds.
  path: Assets/Tile/Map_28.asset
  artifactKey: Guid(3419c8611e8d57846994b3d587fb65fd) Importer(815301076,1909f56bfc062723c751e8b465ee728b)
Start importing Assets/Tile/Map_28.asset using Guid(3419c8611e8d57846994b3d587fb65fd) Importer(815301076,1909f56bfc062723c751e8b465ee728b) [PhysX] Initialized MultithreadedTaskDispatcher with 16 workers.
 -> (artifact id: '6193e821744b12f770f7ba73281c7bfc') in 0.004157 seconds
Number of updated asset objects reloaded before import = 0
Number of asset objects unloaded after import = 3
========================================================================
Received Import Request.
  Time since last request: 0.278925 seconds.
  path: Assets/Tile/Map_33.asset
  artifactKey: Guid(dd00a8a6d5c2d144eb17165130f4e3e8) Importer(815301076,1909f56bfc062723c751e8b465ee728b)
Start importing Assets/Tile/Map_33.asset using Guid(dd00a8a6d5c2d144eb17165130f4e3e8) Importer(815301076,1909f56bfc062723c751e8b465ee728b) [PhysX] Initialized MultithreadedTaskDispatcher with 16 workers.
 -> (artifact id: 'cb48f45338d2328a449fa8794d148d30') in 0.004571 seconds
Number of updated asset objects reloaded before import = 0
Number of asset objects unloaded after import = 3
========================================================================
Received Import Request.
  Time since last request: 0.000015 seconds.
  path: Assets/Tile/Map_35.asset
  artifactKey: Guid(a5e46512dbf943349b182fb59edf7f25) Importer(815301076,1909f56bfc062723c751e8b465ee728b)
Start importing Assets/Tile/Map_35.asset using Guid(a5e46512dbf943349b182fb59edf7f25) Importer(815301076,1909f56bfc062723c751e8b465ee728b) [PhysX] Initialized MultithreadedTaskDispatcher with 16 workers.
 -> (artifact id: '72108d033a424406dc7750ec5e868e10') in 0.005015 seconds
Number of updated asset objects reloaded before import = 0
Number of asset objects unloaded after import = 3
========================================================================
Received Import Request.
  Time since last request: 0.036177 seconds.
  path: Assets/Tile/Map_37.asset
  artifactKey: Guid(5ac21ebbaf46b8743b22fdc296c5a3f1) Importer(815301076,1909f56bfc062723c751e8b465ee728b)
Start importing Assets/Tile/Map_37.asset using Guid(5ac21ebbaf46b8743b22fdc296c5a3f1) Importer(815301076,1909f56bfc062723c751e8b465ee728b) [PhysX] Initialized MultithreadedTaskDispatcher with 16 workers.
 -> (artifact id: '052fe83a56493db34df19a8c523e4692') in 0.005265 seconds
Number of updated asset objects reloaded before import = 0
Number of asset objects unloaded after import = 3
========================================================================
Received Import Request.
  Time since last request: 0.000015 seconds.
  path: Assets/Tile/Map_38.asset
  artifactKey: Guid(0d4755c0937c19c42aa00b8d2331e564) Importer(815301076,1909f56bfc062723c751e8b465ee728b)
Start importing Assets/Tile/Map_38.asset using Guid(0d4755c0937c19c42aa00b8d2331e564) Importer(815301076,1909f56bfc062723c751e8b465ee728b) [PhysX] Initialized MultithreadedTaskDispatcher with 16 workers.
 -> (artifact id: '7c8e53e3596bdc8478fc76ad64920c87') in 0.005455 seconds
Number of updated asset objects reloaded before import = 0
Number of asset objects unloaded after import = 3
========================================================================
Received Import Request.
  Time since last request: 0.039830 seconds.
  path: Assets/Tile/Map_43.asset
  artifactKey: Guid(b99b5c6b1b50a174685fee0aa4cd4a2c) Importer(815301076,1909f56bfc062723c751e8b465ee728b)
Start importing Assets/Tile/Map_43.asset using Guid(b99b5c6b1b50a174685fee0aa4cd4a2c) Importer(815301076,1909f56bfc062723c751e8b465ee728b) [PhysX] Initialized MultithreadedTaskDispatcher with 16 workers.
 -> (artifact id: 'b48132d23036844a97393d72f742c95d') in 0.004381 seconds
Number of updated asset objects reloaded before import = 0
Number of asset objects unloaded after import = 3
========================================================================
Received Import Request.
  Time since last request: 0.329726 seconds.
  path: Assets/Tile/Map_48.asset
  artifactKey: Guid(961f7a452808ae445b8c84aa9fcc4457) Importer(815301076,1909f56bfc062723c751e8b465ee728b)
Start importing Assets/Tile/Map_48.asset using Guid(961f7a452808ae445b8c84aa9fcc4457) Importer(815301076,1909f56bfc062723c751e8b465ee728b) [PhysX] Initialized MultithreadedTaskDispatcher with 16 workers.
 -> (artifact id: 'aaf63196464206a423913209f989a220') in 0.006339 seconds
Number of updated asset objects reloaded before import = 0
Number of asset objects unloaded after import = 3
========================================================================
Received Import Request.
  Time since last request: 0.019022 seconds.
  path: Assets/Tile/Map_53.asset
  artifactKey: Guid(d41e6f400d5ece14a9ae54c0b096e86a) Importer(815301076,1909f56bfc062723c751e8b465ee728b)
Start importing Assets/Tile/Map_53.asset using Guid(d41e6f400d5ece14a9ae54c0b096e86a) Importer(815301076,1909f56bfc062723c751e8b465ee728b) [PhysX] Initialized MultithreadedTaskDispatcher with 16 workers.
 -> (artifact id: 'dd1eff4865f6d76cfdac04a1bc6e0db2') in 0.008167 seconds
Number of updated asset objects reloaded before import = 0
Number of asset objects unloaded after import = 3
========================================================================
Received Import Request.
  Time since last request: 0.022424 seconds.
  path: Assets/Tile/Map_58.asset
  artifactKey: Guid(bf84904d78e704d4b81209cca9eda702) Importer(815301076,1909f56bfc062723c751e8b465ee728b)
Start importing Assets/Tile/Map_58.asset using Guid(bf84904d78e704d4b81209cca9eda702) Importer(815301076,1909f56bfc062723c751e8b465ee728b) [PhysX] Initialized MultithreadedTaskDispatcher with 16 workers.
 -> (artifact id: '876b948b952b6344f183ddc946d424de') in 0.005416 seconds
Number of updated asset objects reloaded before import = 0
Number of asset objects unloaded after import = 3
========================================================================
Received Import Request.
  Time since last request: 0.306251 seconds.
  path: Assets/Tile/Map_63.asset
  artifactKey: Guid(7df9df2094da2f54bab51daa8244d664) Importer(815301076,1909f56bfc062723c751e8b465ee728b)
Start importing Assets/Tile/Map_63.asset using Guid(7df9df2094da2f54bab51daa8244d664) Importer(815301076,1909f56bfc062723c751e8b465ee728b) [PhysX] Initialized MultithreadedTaskDispatcher with 16 workers.
 -> (artifact id: '3fd70ce0686e346d9fc8a28eb0ce7434') in 0.005080 seconds
Number of updated asset objects reloaded before import = 0
Number of asset objects unloaded after import = 3
========================================================================
Received Import Request.
  Time since last request: 0.000017 seconds.
  path: Assets/Tile/Map_65.asset
  artifactKey: Guid(9a1fd878a93a7f84f9e4c174816cdd9f) Importer(815301076,1909f56bfc062723c751e8b465ee728b)
Start importing Assets/Tile/Map_65.asset using Guid(9a1fd878a93a7f84f9e4c174816cdd9f) Importer(815301076,1909f56bfc062723c751e8b465ee728b) [PhysX] Initialized MultithreadedTaskDispatcher with 16 workers.
 -> (artifact id: '0730338f9e05665d168fae86cf2d054b') in 0.008938 seconds
Number of updated asset objects reloaded before import = 0
Number of asset objects unloaded after import = 3
========================================================================
Received Import Request.
  Time since last request: 0.020652 seconds.
  path: Assets/Tile/Map_68.asset
  artifactKey: Guid(26d6f001b2c30954998a7b42729d8eea) Importer(815301076,1909f56bfc062723c751e8b465ee728b)
Start importing Assets/Tile/Map_68.asset using Guid(26d6f001b2c30954998a7b42729d8eea) Importer(815301076,1909f56bfc062723c751e8b465ee728b) [PhysX] Initialized MultithreadedTaskDispatcher with 16 workers.
 -> (artifact id: 'd5877cd998c764a53f0acd9081b807fe') in 0.005629 seconds
Number of updated asset objects reloaded before import = 0
Number of asset objects unloaded after import = 3
========================================================================
Received Import Request.
  Time since last request: 0.033609 seconds.
  path: Assets/Tile/Map_73.asset
  artifactKey: Guid(2bf735076c98d224c8dfd42d39207c4f) Importer(815301076,1909f56bfc062723c751e8b465ee728b)
Start importing Assets/Tile/Map_73.asset using Guid(2bf735076c98d224c8dfd42d39207c4f) Importer(815301076,1909f56bfc062723c751e8b465ee728b) [PhysX] Initialized MultithreadedTaskDispatcher with 16 workers.
 -> (artifact id: '8086580de070a5e9357fb4e6dd5bc8dd') in 0.005642 seconds
Number of updated asset objects reloaded before import = 0
Number of asset objects unloaded after import = 3
Editor requested this worker to shutdown with reason: Scaling down because of idle timeout
TcpMessagingSession - receive error: operation aborted. errorcode: 995, details: The I/O operation has been aborted because of either a thread exit or an application request.
AssetImportWorker is now disconnected from the server
Process exiting
Exiting without the bug reporter. Application will terminate with return code 0